<?xml version="1.0" encoding="UTF-8"?>
<!-- Generated by org.testng.reporters.JUnitReportReporter -->
<testsuite hostname="kshitijs-MacBook-Air.local" failures="0" tests="1" name="TestCases.TC1" time="0.014" errors="0" timestamp="2025-04-02T20:22:46 IST" skipped="0">
  <testcase classname="TestCases.TC1" name="test01RegisterUser" time="0.014"/>
</testsuite> <!-- TestCases.TC1 -->
